# JRE version: OpenJDK Runtime Environment Temurin-17.0.6+10 (17.0.6+10) (build 17.0.6+10)
# Java VM: OpenJDK 64-Bit Server VM Temurin-17.0.6+10 (17.0.6+10, mixed mode, tiered, compressed oops, compressed class ptrs, g1 gc, windows-amd64)
GC Precious Log:
 CPUs: 4 total, 4 available
 Memory: 8026M
 Large Page Support: Disabled
 NUMA Support: Disabled
 Compressed Oops: Enabled (32-bit)
 Heap Region Size: 1M
 Heap Min Capacity: 8M
 Heap Initial Capacity: 126M
 Heap Max Capacity: 2008M
 Pre-touch: Disabled
 Parallel Workers: 4
 Concurrent Workers: 1
 Concurrent Refinement Workers: 4
 Periodic GC: Disabled
Heap:
 garbage-first heap   total 78848K, used 31802K [0x0000000082800000, 0x0000000100000000)
  region size 1024K, 25 young (25600K), 5 survivors (5120K)
 Metaspace       used 28067K, committed 28288K, reserved 1081344K
  class space    used 2847K, committed 2944K, reserved 1048576K
GC Heap History (18 events):
Event: 0.601 GC heap before
{Heap before GC invocations=0 (full 0):
 garbage-first heap   total 129024K, used 13312K [0x0000000082800000, 0x0000000100000000)
  region size 1024K, 13 young (13312K), 0 survivors (0K)
 Metaspace       used 13058K, committed 13120K, reserved 1064960K
  class space    used 1189K, committed 1216K, reserved 1048576K
}
Event: 0.606 GC heap after
{Heap after GC invocations=1 (full 0):
 garbage-first heap   total 129024K, used 3576K [0x0000000082800000, 0x0000000100000000)
  region size 1024K, 2 young (2048K), 2 survivors (2048K)
 Metaspace       used 13058K, committed 13120K, reserved 1064960K
  class space    used 1189K, committed 1216K, reserved 1048576K
}
Event: 0.801 GC heap before
{Heap before GC invocations=1 (full 0):
 garbage-first heap   total 129024K, used 16888K [0x0000000082800000, 0x0000000100000000)
  region size 1024K, 15 young (15360K), 2 survivors (2048K)
 Metaspace       used 15131K, committed 15296K, reserved 1064960K
  class space    used 1485K, committed 1536K, reserved 1048576K
}
Event: 0.804 GC heap after
{Heap after GC invocations=2 (full 0):
 garbage-first heap   total 129024K, used 4179K [0x0000000082800000, 0x0000000100000000)
  region size 1024K, 1 young (1024K), 1 survivors (1024K)
 Metaspace       used 15131K, committed 15296K, reserved 1064960K
  class space    used 1485K, committed 1536K, reserved 1048576K
}
Event: 1.341 GC heap before
{Heap before GC invocations=2 (full 0):
 garbage-first heap   total 129024K, used 32851K [0x0000000082800000, 0x0000000100000000)
  region size 1024K, 29 young (29696K), 1 survivors (1024K)
 Metaspace       used 19904K, committed 20032K, reserved 1073152K
  class space    used 2106K, committed 2176K, reserved 1048576K
}
Event: 1.344 GC heap after
{Heap after GC invocations=3 (full 0):
 garbage-first heap   total 129024K, used 5963K [0x0000000082800000, 0x0000000100000000)
  region size 1024K, 3 young (3072K), 3 survivors (3072K)
 Metaspace       used 19904K, committed 20032K, reserved 1073152K
  class space    used 2106K, committed 2176K, reserved 1048576K
}
Event: 1.539 GC heap before
{Heap before GC invocations=3 (full 0):
 garbage-first heap   total 129024K, used 10059K [0x0000000082800000, 0x0000000100000000)
  region size 1024K, 8 young (8192K), 3 survivors (3072K)
 Metaspace       used 21316K, committed 21504K, reserved 1073152K
  class space    used 2249K, committed 2368K, reserved 1048576K
}
Event: 1.543 GC heap after
{Heap after GC invocations=4 (full 0):
 garbage-first heap   total 129024K, used 6304K [0x0000000082800000, 0x0000000100000000)
  region size 1024K, 3 young (3072K), 3 survivors (3072K)
 Metaspace       used 21316K, committed 21504K, reserved 1073152K
  class space    used 2249K, committed 2368K, reserved 1048576K
}
Event: 1.912 GC heap before
{Heap before GC invocations=5 (full 0):
 garbage-first heap   total 27648K, used 19616K [0x0000000082800000, 0x0000000100000000)
  region size 1024K, 17 young (17408K), 3 survivors (3072K)
 Metaspace       used 22585K, committed 22720K, reserved 1073152K
  class space    used 2358K, committed 2432K, reserved 1048576K
}
Event: 1.920 GC heap after
{Heap after GC invocations=6 (full 0):
 garbage-first heap   total 27648K, used 7681K [0x0000000082800000, 0x0000000100000000)
  region size 1024K, 4 young (4096K), 4 survivors (4096K)
 Metaspace       used 22585K, committed 22720K, reserved 1073152K
  class space    used 2358K, committed 2432K, reserved 1048576K
}
Event: 1.933 GC heap before
{Heap before GC invocations=6 (full 0):
 garbage-first heap   total 27648K, used 8705K [0x0000000082800000, 0x0000000100000000)
  region size 1024K, 5 young (5120K), 4 survivors (4096K)
 Metaspace       used 22602K, committed 22784K, reserved 1073152K
  class space    used 2359K, committed 2432K, reserved 1048576K
}
Event: 1.940 GC heap after
{Heap after GC invocations=7 (full 0):
 garbage-first heap   total 27648K, used 8054K [0x0000000082800000, 0x0000000100000000)
  region size 1024K, 1 young (1024K), 1 survivors (1024K)
 Metaspace       used 22602K, committed 22784K, reserved 1073152K
  class space    used 2359K, committed 2432K, reserved 1048576K
}
Event: 2.037 GC heap before
{Heap before GC invocations=7 (full 0):
 garbage-first heap   total 27648K, used 18294K [0x0000000082800000, 0x0000000100000000)
  region size 1024K, 11 young (11264K), 1 survivors (1024K)
 Metaspace       used 22721K, committed 22912K, reserved 1073152K
  class space    used 2361K, committed 2432K, reserved 1048576K
}
Event: 2.038 GC heap after
{Heap after GC invocations=8 (full 0):
 garbage-first heap   total 78848K, used 8015K [0x0000000082800000, 0x0000000100000000)
  region size 1024K, 1 young (1024K), 1 survivors (1024K)
 Metaspace       used 22721K, committed 22912K, reserved 1073152K
  class space    used 2361K, committed 2432K, reserved 1048576K
}
Event: 2.575 GC heap before
{Heap before GC invocations=8 (full 0):
 garbage-first heap   total 78848K, used 54095K [0x0000000082800000, 0x0000000100000000)
  region size 1024K, 46 young (47104K), 1 survivors (1024K)
 Metaspace       used 23874K, committed 24064K, reserved 1073152K
  class space    used 2452K, committed 2560K, reserved 1048576K
}
Event: 2.580 GC heap after
{Heap after GC invocations=9 (full 0):
 garbage-first heap   total 78848K, used 10181K [0x0000000082800000, 0x0000000100000000)
  region size 1024K, 3 young (3072K), 3 survivors (3072K)
 Metaspace       used 23874K, committed 24064K, reserved 1073152K
  class space    used 2452K, committed 2560K, reserved 1048576K
}
Event: 3.020 GC heap before
{Heap before GC invocations=9 (full 0):
 garbage-first heap   total 78848K, used 54213K [0x0000000082800000, 0x0000000100000000)
  region size 1024K, 46 young (47104K), 3 survivors (3072K)
 Metaspace       used 24889K, committed 25088K, reserved 1073152K
  class space    used 2517K, committed 2624K, reserved 1048576K
}
Event: 3.026 GC heap after
{Heap after GC invocations=10 (full 0):
 garbage-first heap   total 78848K, used 12346K [0x0000000082800000, 0x0000000100000000)
  region size 1024K, 5 young (5120K), 5 survivors (5120K)
 Metaspace       used 24889K, committed 25088K, reserved 1073152K
  class space    used 2517K, committed 2624K, reserved 1048576K
}

