# JRE version: OpenJDK Runtime Environment Temurin-17.0.6+10 (17.0.6+10) (build 17.0.6+10)
# Java VM: OpenJDK 64-Bit Server VM Temurin-17.0.6+10 (17.0.6+10, mixed mode, tiered, compressed oops, compressed class ptrs, g1 gc, windows-amd64)
GC Precious Log:
 CPUs: 4 total, 4 available
 Memory: 8026M
 Large Page Support: Disabled
 NUMA Support: Disabled
 Compressed Oops: Enabled (32-bit)
 Heap Region Size: 1M
 Heap Min Capacity: 8M
 Heap Initial Capacity: 126M
 Heap Max Capacity: 2008M
 Pre-touch: Disabled
 Parallel Workers: 4
 Concurrent Workers: 1
 Concurrent Refinement Workers: 4
 Periodic GC: Disabled
Heap:
 garbage-first heap   total 78848K, used 42656K [0x0000000082800000, 0x0000000100000000)
  region size 1024K, 36 young (36864K), 6 survivors (6144K)
 Metaspace       used 29214K, committed 29440K, reserved 1081344K
  class space    used 2896K, committed 3008K, reserved 1048576K
GC Heap History (20 events):
Event: 1.172 GC heap before
{Heap before GC invocations=1 (full 0):
 garbage-first heap   total 129024K, used 19160K [0x0000000082800000, 0x0000000100000000)
  region size 1024K, 18 young (18432K), 2 survivors (2048K)
 Metaspace       used 14116K, committed 14208K, reserved 1064960K
  class space    used 1259K, committed 1280K, reserved 1048576K
}
Event: 1.177 GC heap after
{Heap after GC invocations=2 (full 0):
 garbage-first heap   total 129024K, used 3940K [0x0000000082800000, 0x0000000100000000)
  region size 1024K, 2 young (2048K), 2 survivors (2048K)
 Metaspace       used 14116K, committed 14208K, reserved 1064960K
  class space    used 1259K, committed 1280K, reserved 1048576K
}
Event: 2.435 GC heap before
{Heap before GC invocations=2 (full 0):
 garbage-first heap   total 129024K, used 77668K [0x0000000082800000, 0x0000000100000000)
  region size 1024K, 74 young (75776K), 2 survivors (2048K)
 Metaspace       used 20028K, committed 20224K, reserved 1073152K
  class space    used 2027K, committed 2112K, reserved 1048576K
}
Event: 2.441 GC heap after
{Heap after GC invocations=3 (full 0):
 garbage-first heap   total 129024K, used 5765K [0x0000000082800000, 0x0000000100000000)
  region size 1024K, 4 young (4096K), 4 survivors (4096K)
 Metaspace       used 20028K, committed 20224K, reserved 1073152K
  class space    used 2027K, committed 2112K, reserved 1048576K
}
Event: 2.761 GC heap before
{Heap before GC invocations=3 (full 0):
 garbage-first heap   total 129024K, used 17029K [0x0000000082800000, 0x0000000100000000)
  region size 1024K, 16 young (16384K), 4 survivors (4096K)
 Metaspace       used 21380K, committed 21504K, reserved 1073152K
  class space    used 2198K, committed 2304K, reserved 1048576K
}
Event: 2.765 GC heap after
{Heap after GC invocations=4 (full 0):
 garbage-first heap   total 129024K, used 6294K [0x0000000082800000, 0x0000000100000000)
  region size 1024K, 4 young (4096K), 4 survivors (4096K)
 Metaspace       used 21380K, committed 21504K, reserved 1073152K
  class space    used 2198K, committed 2304K, reserved 1048576K
}
Event: 3.022 GC heap before
{Heap before GC invocations=5 (full 0):
 garbage-first heap   total 27648K, used 19606K [0x0000000082800000, 0x0000000100000000)
  region size 1024K, 18 young (18432K), 4 survivors (4096K)
 Metaspace       used 22949K, committed 23168K, reserved 1073152K
  class space    used 2356K, committed 2496K, reserved 1048576K
}
Event: 3.029 GC heap after
{Heap after GC invocations=6 (full 0):
 garbage-first heap   total 27648K, used 6957K [0x0000000082800000, 0x0000000100000000)
  region size 1024K, 5 young (5120K), 5 survivors (5120K)
 Metaspace       used 22949K, committed 23168K, reserved 1073152K
  class space    used 2356K, committed 2496K, reserved 1048576K
}
Event: 3.058 GC heap before
{Heap before GC invocations=6 (full 0):
 garbage-first heap   total 27648K, used 6957K [0x0000000082800000, 0x0000000100000000)
  region size 1024K, 6 young (6144K), 5 survivors (5120K)
 Metaspace       used 23082K, committed 23296K, reserved 1073152K
  class space    used 2372K, committed 2496K, reserved 1048576K
}
Event: 3.066 GC heap after
{Heap after GC invocations=7 (full 0):
 garbage-first heap   total 27648K, used 7270K [0x0000000082800000, 0x0000000100000000)
  region size 1024K, 1 young (1024K), 1 survivors (1024K)
 Metaspace       used 23082K, committed 23296K, reserved 1073152K
  class space    used 2372K, committed 2496K, reserved 1048576K
}
Event: 3.370 GC heap before
{Heap before GC invocations=7 (full 0):
 garbage-first heap   total 27648K, used 19558K [0x0000000082800000, 0x0000000100000000)
  region size 1024K, 13 young (13312K), 1 survivors (1024K)
 Metaspace       used 23562K, committed 23744K, reserved 1073152K
  class space    used 2403K, committed 2496K, reserved 1048576K
}
Event: 3.373 GC heap after
{Heap after GC invocations=8 (full 0):
 garbage-first heap   total 27648K, used 7849K [0x0000000082800000, 0x0000000100000000)
  region size 1024K, 2 young (2048K), 2 survivors (2048K)
 Metaspace       used 23562K, committed 23744K, reserved 1073152K
  class space    used 2403K, committed 2496K, reserved 1048576K
}
Event: 3.481 GC heap before
{Heap before GC invocations=8 (full 0):
 garbage-first heap   total 27648K, used 19113K [0x0000000082800000, 0x0000000100000000)
  region size 1024K, 13 young (13312K), 2 survivors (2048K)
 Metaspace       used 23691K, committed 23872K, reserved 1073152K
  class space    used 2404K, committed 2496K, reserved 1048576K
}
Event: 3.484 GC heap after
{Heap after GC invocations=9 (full 0):
 garbage-first heap   total 27648K, used 8173K [0x0000000082800000, 0x0000000100000000)
  region size 1024K, 1 young (1024K), 1 survivors (1024K)
 Metaspace       used 23691K, committed 23872K, reserved 1073152K
  class space    used 2404K, committed 2496K, reserved 1048576K
}
Event: 3.580 GC heap before
{Heap before GC invocations=9 (full 0):
 garbage-first heap   total 27648K, used 19437K [0x0000000082800000, 0x0000000100000000)
  region size 1024K, 12 young (12288K), 1 survivors (1024K)
 Metaspace       used 23844K, committed 24064K, reserved 1073152K
  class space    used 2407K, committed 2496K, reserved 1048576K
}
Event: 3.582 GC heap after
{Heap after GC invocations=10 (full 0):
 garbage-first heap   total 78848K, used 8849K [0x0000000082800000, 0x0000000100000000)
  region size 1024K, 2 young (2048K), 2 survivors (2048K)
 Metaspace       used 23844K, committed 24064K, reserved 1073152K
  class space    used 2407K, committed 2496K, reserved 1048576K
}
Event: 4.145 GC heap before
{Heap before GC invocations=10 (full 0):
 garbage-first heap   total 78848K, used 53905K [0x0000000082800000, 0x0000000100000000)
  region size 1024K, 46 young (47104K), 2 survivors (2048K)
 Metaspace       used 24902K, committed 25152K, reserved 1073152K
  class space    used 2495K, committed 2624K, reserved 1048576K
}
Event: 4.153 GC heap after
{Heap after GC invocations=11 (full 0):
 garbage-first heap   total 78848K, used 10662K [0x0000000082800000, 0x0000000100000000)
  region size 1024K, 3 young (3072K), 3 survivors (3072K)
 Metaspace       used 24902K, committed 25152K, reserved 1073152K
  class space    used 2495K, committed 2624K, reserved 1048576K
}
Event: 4.690 GC heap before
{Heap before GC invocations=11 (full 0):
 garbage-first heap   total 78848K, used 54694K [0x0000000082800000, 0x0000000100000000)
  region size 1024K, 46 young (47104K), 3 survivors (3072K)
 Metaspace       used 26140K, committed 26368K, reserved 1073152K
  class space    used 2577K, committed 2688K, reserved 1048576K
}
Event: 4.698 GC heap after
{Heap after GC invocations=12 (full 0):
 garbage-first heap   total 78848K, used 12960K [0x0000000082800000, 0x0000000100000000)
  region size 1024K, 6 young (6144K), 6 survivors (6144K)
 Metaspace       used 26140K, committed 26368K, reserved 1073152K
  class space    used 2577K, committed 2688K, reserved 1048576K
}

