# JRE version: OpenJDK Runtime Environment Temurin-17.0.6+10 (17.0.6+10) (build 17.0.6+10)
# Java VM: OpenJDK 64-Bit Server VM Temurin-17.0.6+10 (17.0.6+10, mixed mode, tiered, compressed oops, compressed class ptrs, g1 gc, windows-amd64)
GC Precious Log:
 CPUs: 4 total, 4 available
 Memory: 8026M
 Large Page Support: Disabled
 NUMA Support: Disabled
 Compressed Oops: Enabled (32-bit)
 Heap Region Size: 1M
 Heap Min Capacity: 8M
 Heap Initial Capacity: 126M
 Heap Max Capacity: 2008M
 Pre-touch: Disabled
 Parallel Workers: 4
 Concurrent Workers: 1
 Concurrent Refinement Workers: 4
 Periodic GC: Disabled
Heap:
 garbage-first heap   total 79872K, used 33124K [0x0000000082800000, 0x0000000100000000)
  region size 1024K, 9 young (9216K), 1 survivors (1024K)
 Metaspace       used 30907K, committed 31232K, reserved 1081344K
  class space    used 3547K, committed 3712K, reserved 1048576K
GC Heap History (14 events):
Event: 0.430 GC heap before
{Heap before GC invocations=0 (full 0):
 garbage-first heap   total 129024K, used 12288K [0x0000000082800000, 0x0000000100000000)
  region size 1024K, 13 young (13312K), 0 survivors (0K)
 Metaspace       used 11682K, committed 11776K, reserved 1064960K
  class space    used 1086K, committed 1152K, reserved 1048576K
}
Event: 0.438 GC heap after
{Heap after GC invocations=1 (full 0):
 garbage-first heap   total 129024K, used 4814K [0x0000000082800000, 0x0000000100000000)
  region size 1024K, 2 young (2048K), 2 survivors (2048K)
 Metaspace       used 11682K, committed 11776K, reserved 1064960K
  class space    used 1086K, committed 1152K, reserved 1048576K
}
Event: 0.840 GC heap before
{Heap before GC invocations=1 (full 0):
 garbage-first heap   total 129024K, used 15054K [0x0000000082800000, 0x0000000100000000)
  region size 1024K, 12 young (12288K), 2 survivors (2048K)
 Metaspace       used 15349K, committed 15616K, reserved 1064960K
  class space    used 1507K, committed 1600K, reserved 1048576K
}
Event: 0.844 GC heap after
{Heap after GC invocations=2 (full 0):
 garbage-first heap   total 129024K, used 5809K [0x0000000082800000, 0x0000000100000000)
  region size 1024K, 1 young (1024K), 1 survivors (1024K)
 Metaspace       used 15349K, committed 15616K, reserved 1064960K
  class space    used 1507K, committed 1600K, reserved 1048576K
}
Event: 2.948 GC heap before
{Heap before GC invocations=2 (full 0):
 garbage-first heap   total 129024K, used 24241K [0x0000000082800000, 0x0000000100000000)
  region size 1024K, 20 young (20480K), 1 survivors (1024K)
 Metaspace       used 21255K, committed 21504K, reserved 1073152K
  class space    used 2296K, committed 2432K, reserved 1048576K
}
Event: 2.952 GC heap after
{Heap after GC invocations=3 (full 0):
 garbage-first heap   total 129024K, used 7346K [0x0000000082800000, 0x0000000100000000)
  region size 1024K, 3 young (3072K), 3 survivors (3072K)
 Metaspace       used 21255K, committed 21504K, reserved 1073152K
  class space    used 2296K, committed 2432K, reserved 1048576K
}
Event: 3.358 GC heap before
{Heap before GC invocations=4 (full 0):
 garbage-first heap   total 30720K, used 21682K [0x0000000082800000, 0x0000000100000000)
  region size 1024K, 18 young (18432K), 3 survivors (3072K)
 Metaspace       used 25693K, committed 26048K, reserved 1073152K
  class space    used 2812K, committed 3008K, reserved 1048576K
}
Event: 3.363 GC heap after
{Heap after GC invocations=5 (full 0):
 garbage-first heap   total 30720K, used 9249K [0x0000000082800000, 0x0000000100000000)
  region size 1024K, 3 young (3072K), 3 survivors (3072K)
 Metaspace       used 25693K, committed 26048K, reserved 1073152K
  class space    used 2812K, committed 3008K, reserved 1048576K
}
Event: 3.683 GC heap before
{Heap before GC invocations=5 (full 0):
 garbage-first heap   total 30720K, used 18465K [0x0000000082800000, 0x0000000100000000)
  region size 1024K, 13 young (13312K), 3 survivors (3072K)
 Metaspace       used 28193K, committed 28544K, reserved 1081344K
  class space    used 3151K, committed 3328K, reserved 1048576K
}
Event: 3.688 GC heap after
{Heap after GC invocations=6 (full 0):
 garbage-first heap   total 30720K, used 10239K [0x0000000082800000, 0x0000000100000000)
  region size 1024K, 1 young (1024K), 1 survivors (1024K)
 Metaspace       used 28193K, committed 28544K, reserved 1081344K
  class space    used 3151K, committed 3328K, reserved 1048576K
}
Event: 3.807 GC heap before
{Heap before GC invocations=6 (full 0):
 garbage-first heap   total 30720K, used 13311K [0x0000000082800000, 0x0000000100000000)
  region size 1024K, 6 young (6144K), 1 survivors (1024K)
 Metaspace       used 29291K, committed 29696K, reserved 1081344K
  class space    used 3311K, committed 3520K, reserved 1048576K
}
Event: 3.810 GC heap after
{Heap after GC invocations=7 (full 0):
 garbage-first heap   total 30720K, used 10523K [0x0000000082800000, 0x0000000100000000)
  region size 1024K, 2 young (2048K), 2 survivors (2048K)
 Metaspace       used 29291K, committed 29696K, reserved 1081344K
  class space    used 3311K, committed 3520K, reserved 1048576K
}
Event: 3.811 GC heap before
{Heap before GC invocations=7 (full 0):
 garbage-first heap   total 30720K, used 20763K [0x0000000082800000, 0x0000000100000000)
  region size 1024K, 3 young (3072K), 2 survivors (2048K)
 Metaspace       used 29291K, committed 29696K, reserved 1081344K
  class space    used 3311K, committed 3520K, reserved 1048576K
}
Event: 3.812 GC heap after
{Heap after GC invocations=8 (full 0):
 garbage-first heap   total 79872K, used 20836K [0x0000000082800000, 0x0000000100000000)
  region size 1024K, 1 young (1024K), 1 survivors (1024K)
 Metaspace       used 29291K, committed 29696K, reserved 1081344K
  class space    used 3311K, committed 3520K, reserved 1048576K
}

