<?xml version="1.0" encoding="UTF-8"?>
<!-- Generated by org.testng.reporters.JUnitXMLReporter -->
<testsuite ignored="0" hostname="Kavya" failures="0" tests="4" name="MyLoginTestInChrome7" time="212.24" errors="0" timestamp="2023-09-21T09:03:40 IST">
  <testcase classname="itSutraGID.DemoOfMaven.EappLoginTest" name="VerifyUserLoginAlertMsgWhenSubmitOnlyUserNameInfo" time="28.711"/>
  <testcase classname="itSutraGID.DemoOfMaven.EappLoginTest" name="verifyUserLoginWithoutPassword" time="25.392"/>
  <testcase classname="itSutraGID.DemoOfMaven.EappLoginTest" name="verifyUserLoginWithoutPasswordAndUserName" time="66.302"/>
  <testcase classname="itSutraGID.DemoOfMaven.EappLoginTest" name="verifyUserLoginWithoutUserName" time="49.173"/>
</testsuite> <!-- MyLoginTestInChrome7 -->
